[debug] [2023-07-17T11:22:24.088Z] ----------------------------------------------------------------------
[debug] [2023-07-17T11:22:24.089Z] Command:       /opt/homebrew/Cellar/node/18.7.0/bin/node /opt/homebrew/bin/firebase login
[debug] [2023-07-17T11:22:24.090Z] CLI Version:   11.14.4
[debug] [2023-07-17T11:22:24.090Z] Platform:      darwin
[debug] [2023-07-17T11:22:24.090Z] Node Version:  v18.7.0
[debug] [2023-07-17T11:22:24.090Z] Time:          Mon Jul 17 2023 13:22:24 GMT+0200 (Central European Summer Time)
[debug] [2023-07-17T11:22:24.091Z] ----------------------------------------------------------------------
[debug] 
[debug] [2023-07-17T11:22:24.092Z] >>> [apiv2][query] GET https://firebase-public.firebaseio.com/cli.json [none]
[info] Already logged in as barry@dymension.xyz
[debug] [2023-07-17T11:22:34.160Z] Error: Timed out.
    at Timeout._onTimeout (/opt/homebrew/lib/node_modules/firebase-tools/lib/utils.js:253:49)
    at listOnTimeout (node:internal/timers:564:17)
    at process.processTimers (node:internal/timers:507:7)
[error] 
[error] Error: An unexpected error has occurred.
[debug] [2023-07-17T11:25:18.398Z] ----------------------------------------------------------------------
[debug] [2023-07-17T11:25:18.399Z] Command:       /opt/homebrew/Cellar/node/18.7.0/bin/node /opt/homebrew/bin/firebase login
[debug] [2023-07-17T11:25:18.400Z] CLI Version:   11.14.4
[debug] [2023-07-17T11:25:18.400Z] Platform:      darwin
[debug] [2023-07-17T11:25:18.400Z] Node Version:  v18.7.0
[debug] [2023-07-17T11:25:18.400Z] Time:          Mon Jul 17 2023 13:25:18 GMT+0200 (Central European Summer Time)
[debug] [2023-07-17T11:25:18.400Z] ----------------------------------------------------------------------
[debug] 
[debug] [2023-07-17T11:25:18.402Z] >>> [apiv2][query] GET https://firebase-public.firebaseio.com/cli.json [none]
[info] Already logged in as barry@dymension.xyz
[debug] [2023-07-17T11:25:28.467Z] Error: Timed out.
    at Timeout._onTimeout (/opt/homebrew/lib/node_modules/firebase-tools/lib/utils.js:253:49)
    at listOnTimeout (node:internal/timers:564:17)
    at process.processTimers (node:internal/timers:507:7)
[error] 
[error] Error: An unexpected error has occurred.
[debug] [2023-07-17T11:30:02.249Z] ----------------------------------------------------------------------
[debug] [2023-07-17T11:30:02.251Z] Command:       /opt/homebrew/Cellar/node/18.7.0/bin/node /opt/homebrew/bin/firebase login
[debug] [2023-07-17T11:30:02.251Z] CLI Version:   11.14.4
[debug] [2023-07-17T11:30:02.251Z] Platform:      darwin
[debug] [2023-07-17T11:30:02.251Z] Node Version:  v18.7.0
[debug] [2023-07-17T11:30:02.252Z] Time:          Mon Jul 17 2023 13:30:02 GMT+0200 (Central European Summer Time)
[debug] [2023-07-17T11:30:02.252Z] ----------------------------------------------------------------------
[debug] 
[debug] [2023-07-17T11:30:02.253Z] >>> [apiv2][query] GET https://firebase-public.firebaseio.com/cli.json [none]
[info] Already logged in as barry@dymension.xyz
[debug] [2023-07-17T11:30:12.316Z] Error: Timed out.
    at Timeout._onTimeout (/opt/homebrew/lib/node_modules/firebase-tools/lib/utils.js:253:49)
    at listOnTimeout (node:internal/timers:564:17)
    at process.processTimers (node:internal/timers:507:7)
[error] 
[error] Error: An unexpected error has occurred.
